GRABBIT_TITLE:: La historia de SKYNET en las diferentes lineas de tiempo | TERMINATOR
GRABBIT_THUMB::https://i.ytimg.com/vi/W0A1BWcwuac/maxresdefault.jpg
GRABBIT_DURATION::1100
[download]   0.0% of  433.84MiB at  Unknown B/s ETA Unknown
[download]   0.0% of  433.84MiB at    2.18MiB/s ETA 03:19
[download]   0.0% of  433.84MiB at    2.77MiB/s ETA 02:36
[download]   0.0% of  433.84MiB at    4.93MiB/s ETA 01:28
[download]   0.0% of  433.84MiB at    7.56MiB/s ETA 00:57
[download]   0.0% of  433.84MiB at   15.36MiB/s ETA 00:28
[download]   0.0% of  433.84MiB at   10.56MiB/s ETA 00:41
[download]   0.1% of  433.84MiB at   10.84MiB/s ETA 00:39
[download]   0.1% of  433.84MiB at   12.03MiB/s ETA 00:36
[download]   0.2% of  433.84MiB at   11.28MiB/s ETA 00:38
[download]   0.5% of  433.84MiB at   10.00MiB/s ETA 00:43
[download]   0.9% of  433.84MiB at   18.02MiB/s ETA 00:23
[download]   1.8% of  433.84MiB at   30.78MiB/s ETA 00:13
[download]   2.3% of  433.84MiB at   35.60MiB/s ETA 00:11
[download]   2.3% of  433.84MiB at  Unknown B/s ETA Unknown
[download]   2.3% of  433.84MiB at  Unknown B/s ETA Unknown
[download]   2.3% of  433.84MiB at    6.72MiB/s ETA 01:03
[download]   2.3% of  433.84MiB at   14.40MiB/s ETA 00:29
[download]   2.3% of  433.84MiB at   29.76MiB/s ETA 00:14
[download]   2.3% of  433.84MiB at   60.49MiB/s ETA 00:07
[download]   2.3% of  433.84MiB at  694.38KiB/s ETA 10:25
[download]   2.3% of  433.84MiB at    1.30MiB/s ETA 05:25
[download]   2.4% of  433.84MiB at    2.40MiB/s ETA 02:56
[download]   2.5% of  433.84MiB at    4.13MiB/s ETA 01:42
[download]   2.7% of  433.84MiB at    6.47MiB/s ETA 01:05
[download]   3.2% of  433.84MiB at   11.99MiB/s ETA 00:35
[download]   4.1% of  433.84MiB at   21.58MiB/s ETA 00:19
[download]   4.5% of  433.84MiB at   25.02MiB/s ETA 00:16
[download]   4.5% of  433.84MiB at  Unknown B/s ETA Unknown
[download]   4.5% of  433.84MiB at  Unknown B/s ETA Unknown
[download]   4.5% of  433.84MiB at    6.81MiB/s ETA 01:00
[download]   4.5% of  433.84MiB at   14.60MiB/s ETA 00:28
[download]   4.5% of  433.84MiB at   30.17MiB/s ETA 00:13
[download]   4.5% of  433.84MiB at   24.58MiB/s ETA 00:16
[download]   4.5% of  433.84MiB at   49.54MiB/s ETA 00:08
[download]   4.6% of  433.84MiB at   99.47MiB/s ETA 00:04
[download]   4.6% of  433.84MiB at    7.98MiB/s ETA 00:51
[download]   4.7% of  433.84MiB at   10.39MiB/s ETA 00:39
[download]   5.0% of  433.84MiB at   12.21MiB/s ETA 00:33
[download]   5.4% of  433.84MiB at   16.40MiB/s ETA 00:25
[download]   6.4% of  433.84MiB at   22.94MiB/s ETA 00:17
[download]   6.7% of  433.84MiB at   14.07MiB/s ETA 00:28
[download]   6.7% of  433.84MiB at  Unknown B/s ETA Unknown
[download]   6.7% of  433.84MiB at    2.04MiB/s ETA 03:18
[download]   6.7% of  433.84MiB at    2.80MiB/s ETA 02:24
[download]   6.7% of  433.84MiB at    6.00MiB/s ETA 01:07
[download]   6.7% of  433.84MiB at    8.79MiB/s ETA 00:46
[download]   6.7% of  433.84MiB at   15.58MiB/s ETA 00:25
[download]   6.8% of  433.84MiB at   31.41MiB/s ETA 00:12
[download]   6.8% of  433.84MiB at   63.06MiB/s ETA 00:06
[download]   6.8% of  433.84MiB at   95.77MiB/s ETA 00:04
[download]   7.0% of  433.84MiB at   88.82MiB/s ETA 00:04
[download]   7.2% of  433.84MiB at  100.24MiB/s ETA 00:04
[download]   7.7% of  433.84MiB at  102.06MiB/s ETA 00:03
[download]   8.6% of  433.84MiB at  104.70MiB/s ETA 00:03
[download]   9.0% of  433.84MiB at   26.98MiB/s ETA 00:14
[download]   9.0% of  433.84MiB at  Unknown B/s ETA Unknown
[download]   9.0% of  433.84MiB at    2.18MiB/s ETA 03:00
[download]   9.0% of  433.84MiB at    5.09MiB/s ETA 01:17
[download]   9.0% of  433.84MiB at    5.61MiB/s ETA 01:10
[download]   9.0% of  433.84MiB at    7.86MiB/s ETA 00:50
[download]   9.0% of  433.84MiB at   12.68MiB/s ETA 00:31
[download]   9.0% of  433.84MiB at   25.56MiB/s ETA 00:15
[download]   9.1% of  433.84MiB at   42.53MiB/s ETA 00:09
[download]   9.1% of  433.84MiB at   72.78MiB/s ETA 00:05
[download]   9.2% of  433.84MiB at    2.19MiB/s ETA 02:59
[download]   9.5% of  433.84MiB at    3.46MiB/s ETA 01:53
[download]   9.9% of  433.84MiB at    5.75MiB/s ETA 01:07
[download]  10.8% of  433.84MiB at   10.78MiB/s ETA 00:35
[download]  11.2% of  433.84MiB at   12.79MiB/s ETA 00:30
[download]  11.2% of  433.84MiB at  996.98KiB/s ETA 06:35
[download]  11.2% of  433.84MiB at    2.92MiB/s ETA 02:11
[download]  11.2% of  433.84MiB at    6.82MiB/s ETA 02:12
[download]  11.2% of  433.84MiB at    6.24MiB/s ETA 01:01
[download]  11.2% of  433.84MiB at    9.01MiB/s ETA 00:42
[download]  11.2% of  433.84MiB at   14.10MiB/s ETA 00:27
[download]  11.3% of  433.84MiB at   21.94MiB/s ETA 00:17
[download]  11.3% of  433.84MiB at   44.05MiB/s ETA 00:08
[download]  11.3% of  433.84MiB at   73.57MiB/s ETA 00:05
[download]  11.5% of  433.84MiB at  107.97MiB/s ETA 00:03
[download]  11.7% of  433.84MiB at   14.10MiB/s ETA 00:27
[download]  12.2% of  433.84MiB at   12.91MiB/s ETA 00:29
[download]  13.1% of  433.84MiB at   23.11MiB/s ETA 00:16
[download]  13.5% of  433.84MiB at   24.73MiB/s ETA 00:15
[download]  13.5% of  433.84MiB at  Unknown B/s ETA Unknown
[download]  13.5% of  433.84MiB at    2.92MiB/s ETA 02:08
[download]  13.5% of  433.84MiB at    4.54MiB/s ETA 01:22
[download]  13.5% of  433.84MiB at    5.85MiB/s ETA 01:04
[download]  13.5% of  433.84MiB at   12.08MiB/s ETA 00:31
[download]  13.5% of  433.84MiB at   15.56MiB/s ETA 00:24
[download]  13.6% of  433.84MiB at   24.88MiB/s ETA 00:15
[download]  13.6% of  433.84MiB at   41.48MiB/s ETA 00:09
[download]  13.6% of  433.84MiB at   70.72MiB/s ETA 00:05
[download]  13.8% of  433.84MiB at  107.20MiB/s ETA 00:03
[download]  14.0% of  433.84MiB at   20.38MiB/s ETA 00:18
[download]  14.4% of  433.84MiB at   20.41MiB/s ETA 00:18
[download]  15.4% of  433.84MiB at   34.34MiB/s ETA 00:10
[download]  15.8% of  433.84MiB at   39.55MiB/s ETA 00:09
[download]  15.8% of  433.84MiB at  Unknown B/s ETA Unknown
[download]  15.8% of  433.84MiB at    1.94MiB/s ETA 03:08
[download]  15.8% of  433.84MiB at    4.53MiB/s ETA 01:20
[download]  15.8% of  433.84MiB at    5.81MiB/s ETA 01:02
[download]  15.8% of  433.84MiB at   12.00MiB/s ETA 00:30
[download]  15.8% of  433.84MiB at   17.44MiB/s ETA 00:20
[download]  15.8% of  433.84MiB at   26.87MiB/s ETA 00:13
[download]  15.8% of  433.84MiB at   40.99MiB/s ETA 00:08
[download]  15.9% of  433.84MiB at   70.12MiB/s ETA 00:05
[download]  16.0% of  433.84MiB at   98.80MiB/s ETA 00:03
[download]  16.3% of  433.84MiB at  106.85MiB/s ETA 00:03
[download]  16.7% of  433.84MiB at   45.62MiB/s ETA 00:07
[download]  17.6% of  433.84MiB at   63.96MiB/s ETA 00:05
[download]  18.1% of  433.84MiB at   41.47MiB/s ETA 00:08
[download]  18.1% of  433.84MiB at  Unknown B/s ETA Unknown
[download]  18.1% of  433.84MiB at    2.33MiB/s ETA 02:32
[download]  18.1% of  433.84MiB at    5.43MiB/s ETA 01:05
[download]  18.1% of  433.84MiB at    5.99MiB/s ETA 00:59
[download]  18.1% of  433.84MiB at   12.37MiB/s ETA 00:28
[download]  18.1% of  433.84MiB at   25.14MiB/s ETA 00:14
[download]  18.1% of  433.84MiB at   31.76MiB/s ETA 00:11
[download]  18.1% of  433.84MiB at   63.78MiB/s ETA 00:05
[download]  18.2% of  433.84MiB at   92.36MiB/s ETA 00:03
[download]  18.3% of  433.84MiB at  111.78MiB/s ETA 00:03
[download]  18.5% of  433.84MiB at  111.53MiB/s ETA 00:03
[download]  19.0% of  433.84MiB at  111.03MiB/s ETA 00:03
[download]  19.9% of  433.84MiB at  108.02MiB/s ETA 00:03
[download]  20.4% of  433.84MiB at   34.70MiB/s ETA 00:09
[download]  20.4% of  433.84MiB at  Unknown B/s ETA Unknown
[download]  20.4% of  433.84MiB at  Unknown B/s ETA Unknown
[download]  20.4% of  433.84MiB at    6.53MiB/s ETA 00:52
[download]  20.4% of  433.84MiB at   14.00MiB/s ETA 00:24
[download]  20.4% of  433.84MiB at   14.77MiB/s ETA 00:23
[download]  20.4% of  433.84MiB at   19.34MiB/s ETA 00:17
[download]  20.4% of  433.84MiB at   29.63MiB/s ETA 00:11
[download]  20.4% of  433.84MiB at   59.49MiB/s ETA 00:05
[download]  20.5% of  433.84MiB at   87.77MiB/s ETA 00:03
[download]  20.6% of  433.84MiB at   90.58MiB/s ETA 00:03
[download]  20.8% of  433.84MiB at   89.51MiB/s ETA 00:03
[download]  21.3% of  433.84MiB at   19.15MiB/s ETA 00:17
[download]  22.2% of  433.84MiB at   23.20MiB/s ETA 00:14
[download]  22.6% of  433.84MiB at   27.07MiB/s ETA 00:12
[download]  22.6% of  433.84MiB at  Unknown B/s ETA Unknown
[download]  22.6% of  433.84MiB at    2.87MiB/s ETA 01:56
[download]  22.6% of  433.84MiB at    6.70MiB/s ETA 00:50
[download]  22.6% of  433.84MiB at    6.90MiB/s ETA 00:48
[download]  22.6% of  433.84MiB at    9.33MiB/s ETA 00:35
[download]  22.6% of  433.84MiB at   18.97MiB/s ETA 00:17
[download]  22.6% of  433.84MiB at   29.19MiB/s ETA 00:11
[download]  22.7% of  433.84MiB at   47.28MiB/s ETA 00:07
[download]  22.7% of  433.84MiB at   73.78MiB/s ETA 00:04
[download]  22.8% of  433.84MiB at  113.82MiB/s ETA 00:02
[download]  23.1% of  433.84MiB at  107.90MiB/s ETA 00:03
[download]  23.5% of  433.84MiB at   36.95MiB/s ETA 00:08
[download]  24.4% of  433.84MiB at   27.42MiB/s ETA 00:11
[download]  24.8% of  433.84MiB at   31.41MiB/s ETA 00:10
[download]  24.8% of  433.84MiB at  Unknown B/s ETA Unknown
[download]  24.8% of  433.84MiB at    2.89MiB/s ETA 01:52
[download]  24.8% of  433.84MiB at    6.75MiB/s ETA 00:48
[download]  24.8% of  433.84MiB at   14.47MiB/s ETA 00:22
[download]  24.8% of  433.84MiB at   13.11MiB/s ETA 00:24
[download]  24.8% of  433.84MiB at   26.65MiB/s ETA 00:12
[download]  24.8% of  433.84MiB at   35.13MiB/s ETA 00:09
[download]  24.9% of  433.84MiB at   70.53MiB/s ETA 00:04
[download]  24.9% of  433.84MiB at  106.60MiB/s ETA 00:03
[download]  25.0% of  433.84MiB at  104.44MiB/s ETA 00:03
[download]  25.3% of  433.84MiB at  101.14MiB/s ETA 00:03
[download]  25.7% of  433.84MiB at  106.61MiB/s ETA 00:03
[download]  26.7% of  433.84MiB at   32.52MiB/s ETA 00:09
[download]  27.0% of  433.84MiB at   36.93MiB/s ETA 00:08
[download]  27.0% of  433.84MiB at  Unknown B/s ETA Unknown
[download]  27.0% of  433.84MiB at    2.93MiB/s ETA 01:48
[download]  27.0% of  433.84MiB at    6.83MiB/s ETA 00:46
[download]  27.0% of  433.84MiB at    5.84MiB/s ETA 00:54
[download]  27.0% of  433.84MiB at   12.07MiB/s ETA 00:26
[download]  27.0% of  433.84MiB at   15.95MiB/s ETA 00:19
[download]  27.1% of  433.84MiB at   32.16MiB/s ETA 00:09
[download]  27.1% of  433.84MiB at   64.57MiB/s ETA 00:04
[download]  27.1% of  433.84MiB at  100.44MiB/s ETA 00:03
[download]  27.3% of  433.84MiB at  105.71MiB/s ETA 00:02
[download]  27.5% of  433.84MiB at   26.42MiB/s ETA 00:11
[download]  27.9% of  433.84MiB at   23.83MiB/s ETA 00:13
[download]  28.9% of  433.84MiB at   33.37MiB/s ETA 00:09
[download]  29.3% of  433.84MiB at   10.11MiB/s ETA 00:30
[download]  29.3% of  433.84MiB at  Unknown B/s ETA Unknown
[download]  29.3% of  433.84MiB at  Unknown B/s ETA Unknown
[download]  29.3% of  433.84MiB at  Unknown B/s ETA Unknown
[download]  29.3% of  433.84MiB at   11.88MiB/s ETA 00:25
[download]  29.3% of  433.84MiB at   24.56MiB/s ETA 00:12
[download]  29.3% of  433.84MiB at   49.91MiB/s ETA 00:06
[download]  29.3% of  433.84MiB at  100.62MiB/s ETA 00:03
[download]  29.3% of  433.84MiB at   93.82MiB/s ETA 00:03
[download]  29.4% of  433.84MiB at  124.96MiB/s ETA 00:02
[download]  29.5% of  433.84MiB at  123.49MiB/s ETA 00:02
[download]  29.8% of  433.84MiB at  110.34MiB/s ETA 00:02
[download]  30.2% of  433.84MiB at  112.06MiB/s ETA 00:02
[download]  31.1% of  433.84MiB at  106.74MiB/s ETA 00:02
[download]  31.6% of  433.84MiB at   26.53MiB/s ETA 00:11
[download]  31.6% of  433.84MiB at  Unknown B/s ETA Unknown
[download]  31.6% of  433.84MiB at  Unknown B/s ETA Unknown
[download]  31.6% of  433.84MiB at    5.36MiB/s ETA 00:55
[download]  31.6% of  433.84MiB at   11.49MiB/s ETA 00:25
[download]  31.6% of  433.84MiB at   10.88MiB/s ETA 00:27
[download]  31.6% of  433.84MiB at   22.11MiB/s ETA 00:13
[download]  31.6% of  433.84MiB at   44.58MiB/s ETA 00:06
[download]  31.6% of  433.84MiB at   61.87MiB/s ETA 00:04
[download]  31.7% of  433.84MiB at   94.35MiB/s ETA 00:03
[download]  31.8% of  433.84MiB at  116.69MiB/s ETA 00:02
[download]  32.0% of  433.84MiB at   37.97MiB/s ETA 00:07
[download]  32.5% of  433.84MiB at   23.12MiB/s ETA 00:12
[download]  33.4% of  433.84MiB at   12.05MiB/s ETA 00:23
[download]  33.8% of  433.84MiB at   14.32MiB/s ETA 00:20
[download]  33.8% of  433.84MiB at  Unknown B/s ETA Unknown
[download]  33.8% of  433.84MiB at    2.91MiB/s ETA 01:38
[download]  33.8% of  433.84MiB at    6.80MiB/s ETA 00:42
[download]  33.8% of  433.84MiB at    7.29MiB/s ETA 00:39
[download]  33.8% of  433.84MiB at   15.06MiB/s ETA 00:19
[download]  33.8% of  433.84MiB at   19.27MiB/s ETA 00:14
[download]  33.8% of  433.84MiB at   38.86MiB/s ETA 00:07
[download]  33.9% of  433.84MiB at   52.99MiB/s ETA 00:05
[download]  33.9% of  433.84MiB at   87.28MiB/s ETA 00:03
[download]  34.0% of  433.84MiB at  121.55MiB/s ETA 00:02
[download]  34.3% of  433.84MiB at  113.72MiB/s ETA 00:02
[download]  34.7% of  433.84MiB at  107.91MiB/s ETA 00:02
[download]  35.7% of  433.84MiB at   24.88MiB/s ETA 00:11
[download]  36.0% of  433.84MiB at   12.59MiB/s ETA 00:22
[download]  36.0% of  433.84MiB at  Unknown B/s ETA Unknown
[download]  36.0% of  433.84MiB at    2.09MiB/s ETA 02:12
[download]  36.0% of  433.84MiB at    4.89MiB/s ETA 00:56
[download]  36.0% of  433.84MiB at    6.09MiB/s ETA 00:45
[download]  36.0% of  433.84MiB at    8.32MiB/s ETA 00:33
[download]  36.0% of  433.84MiB at   16.91MiB/s ETA 00:16
[download]  36.1% of  433.84MiB at   26.23MiB/s ETA 00:10
[download]  36.1% of  433.84MiB at   43.33MiB/s ETA 00:06
[download]  36.1% of  433.84MiB at   70.40MiB/s ETA 00:03
[download]  36.3% of  433.84MiB at  104.84MiB/s ETA 00:02
[download]  36.5% of  433.84MiB at  102.32MiB/s ETA 00:02
[download]  36.9% of  433.84MiB at  104.03MiB/s ETA 00:02
[download]  37.9% of  433.84MiB at  107.96MiB/s ETA 00:02
[download]  38.3% of  433.84MiB at   32.01MiB/s ETA 00:08
[download]  38.3% of  433.84MiB at  Unknown B/s ETA Unknown
[download]  38.3% of  433.84MiB at    2.92MiB/s ETA 01:31
[download]  38.3% of  433.84MiB at    6.82MiB/s ETA 00:39
[download]  38.3% of  433.84MiB at    6.46MiB/s ETA 00:41
[download]  38.3% of  433.84MiB at   13.35MiB/s ETA 00:20
[download]  38.3% of  433.84MiB at   18.80MiB/s ETA 00:14
[download]  38.3% of  433.84MiB at   37.89MiB/s ETA 00:07
[download]  38.3% of  433.84MiB at   76.08MiB/s ETA 00:03
[download]  38.4% of  433.84MiB at  111.34MiB/s ETA 00:02
[download]  38.5% of  433.84MiB at  128.05MiB/s ETA 00:02
[download]  38.7% of  433.84MiB at  114.49MiB/s ETA 00:02
[download]  39.2% of  433.84MiB at  113.64MiB/s ETA 00:02
[download]  40.1% of  433.84MiB at   56.75MiB/s ETA 00:04
[download]  40.5% of  433.84MiB at   25.73MiB/s ETA 00:10
[download]  40.5% of  433.84MiB at  Unknown B/s ETA Unknown
[download]  40.5% of  433.84MiB at    2.12MiB/s ETA 02:02
[download]  40.5% of  433.84MiB at    2.82MiB/s ETA 01:31
[download]  40.5% of  433.84MiB at    6.04MiB/s ETA 00:42
[download]  40.5% of  433.84MiB at    8.83MiB/s ETA 00:29
[download]  40.5% of  433.84MiB at   13.89MiB/s ETA 00:18
[download]  40.5% of  433.84MiB at   27.99MiB/s ETA 00:09
[download]  40.6% of  433.84MiB at   43.74MiB/s ETA 00:05
[download]  40.6% of  433.84MiB at   75.11MiB/s ETA 00:03
[download]  40.7% of  433.84MiB at  102.99MiB/s ETA 00:02
[download]  41.0% of  433.84MiB at  104.31MiB/s ETA 00:02
[download]  41.4% of  433.84MiB at  105.51MiB/s ETA 00:02
[download]  42.4% of  433.84MiB at  108.73MiB/s ETA 00:02
[download]  42.7% of  433.84MiB at   26.55MiB/s ETA 00:09
[download]  42.7% of  433.84MiB at  Unknown B/s ETA Unknown
[download]  42.7% of  433.84MiB at  Unknown B/s ETA Unknown
[download]  42.7% of  433.84MiB at    6.82MiB/s ETA 00:36
[download]  42.7% of  433.84MiB at   14.62MiB/s ETA 00:42
[download]  42.7% of  433.84MiB at   12.07MiB/s ETA 00:20
[download]  42.7% of  433.84MiB at   17.41MiB/s ETA 00:14
[download]  42.8% of  433.84MiB at   27.35MiB/s ETA 00:09
[download]  42.8% of  433.84MiB at   44.98MiB/s ETA 00:05
[download]  42.8% of  433.84MiB at   81.29MiB/s ETA 00:03
[download]  43.0% of  433.84MiB at   89.56MiB/s ETA 00:02
[download]  43.2% of  433.84MiB at   99.91MiB/s ETA 00:02
[download]  43.7% of  433.84MiB at  103.27MiB/s ETA 00:02
[download]  44.6% of  433.84MiB at  106.88MiB/s ETA 00:02
[download]  45.0% of  433.84MiB at   36.84MiB/s ETA 00:06
[download]  45.0% of  433.84MiB at  Unknown B/s ETA Unknown
[download]  45.0% of  433.84MiB at    2.92MiB/s ETA 01:21
[download]  45.0% of  433.84MiB at    4.53MiB/s ETA 00:52
[download]  45.0% of  433.84MiB at    5.12MiB/s ETA 00:46
[download]  45.0% of  433.84MiB at   10.59MiB/s ETA 00:22
[download]  45.0% of  433.84MiB at   15.91MiB/s ETA 00:14
[download]  45.1% of  433.84MiB at   32.07MiB/s ETA 00:07
[download]  45.1% of  433.84MiB at   50.52MiB/s ETA 00:04
[download]  45.1% of  433.84MiB at   84.12MiB/s ETA 00:02
[download]  45.3% of  433.84MiB at  111.04MiB/s ETA 00:02
[download]  45.5% of  433.84MiB at  107.17MiB/s ETA 00:02
[download]  45.9% of  433.84MiB at   73.20MiB/s ETA 00:03
[download]  46.9% of  433.84MiB at   52.39MiB/s ETA 00:04
[download]  47.3% of  433.84MiB at   34.48MiB/s ETA 00:06
[download]  47.3% of  433.84MiB at  Unknown B/s ETA Unknown
[download]  47.3% of  433.84MiB at    1.94MiB/s ETA 01:57
[download]  47.3% of  433.84MiB at    4.53MiB/s ETA 00:50
[download]  47.3% of  433.84MiB at    5.62MiB/s ETA 00:40
[download]  47.3% of  433.84MiB at   11.62MiB/s ETA 00:19
[download]  47.3% of  433.84MiB at   15.08MiB/s ETA 00:15
[download]  47.4% of  433.84MiB at   30.39MiB/s ETA 00:07
[download]  47.4% of  433.84MiB at   45.18MiB/s ETA 00:05
[download]  47.4% of  433.84MiB at   73.88MiB/s ETA 00:03
[download]  47.6% of  433.84MiB at  111.31MiB/s ETA 00:02
[download]  47.8% of  433.84MiB at   98.12MiB/s ETA 00:02
[download]  48.2% of  433.84MiB at   42.26MiB/s ETA 00:05
[download]  49.2% of  433.84MiB at   38.43MiB/s ETA 00:05
[download]  49.6% of  433.84MiB at   32.29MiB/s ETA 00:06
[download]  49.6% of  433.84MiB at  Unknown B/s ETA Unknown
[download]  49.6% of  433.84MiB at  Unknown B/s ETA Unknown
[download]  49.6% of  433.84MiB at    6.41MiB/s ETA 00:34
[download]  49.6% of  433.84MiB at   13.74MiB/s ETA 00:15
[download]  49.6% of  433.84MiB at   11.77MiB/s ETA 00:18
[download]  49.6% of  433.84MiB at   17.11MiB/s ETA 00:12
[download]  49.6% of  433.84MiB at   34.48MiB/s ETA 00:06
[download]  49.7% of  433.84MiB at   54.12MiB/s ETA 00:04
[download]  49.7% of  433.84MiB at   82.05MiB/s ETA 00:02
[download]  49.9% of  433.84MiB at  109.84MiB/s ETA 00:01
[download]  50.1% of  433.84MiB at  109.09MiB/s ETA 00:01
[download]  50.5% of  433.84MiB at   54.44MiB/s ETA 00:03
[download]  51.5% of  433.84MiB at   10.75MiB/s ETA 00:19
[download]  51.9% of  433.84MiB at   12.20MiB/s ETA 00:17
[download]  51.9% of  433.84MiB at  Unknown B/s ETA Unknown
[download]  51.9% of  433.84MiB at    2.92MiB/s ETA 01:11
[download]  51.9% of  433.84MiB at    6.80MiB/s ETA 00:30
[download]  51.9% of  433.84MiB at   14.58MiB/s ETA 00:14
[download]  51.9% of  433.84MiB at   12.20MiB/s ETA 00:17
[download]  51.9% of  433.84MiB at   24.79MiB/s ETA 00:08
[download]  51.9% of  433.84MiB at   33.16MiB/s ETA 00:06
[download]  51.9% of  433.84MiB at   47.45MiB/s ETA 00:04
[download]  52.0% of  433.84MiB at   79.82MiB/s ETA 00:02
[download]  52.1% of  433.84MiB at  111.28MiB/s ETA 00:01
[download]  52.3% of  433.84MiB at  108.54MiB/s ETA 00:01
[download]  52.8% of  433.84MiB at   37.58MiB/s ETA 00:05
[download]  53.7% of  433.84MiB at   11.38MiB/s ETA 00:17
[download]  54.1% of  433.84MiB at   12.03MiB/s ETA 00:16
[download]  54.1% of  433.84MiB at  Unknown B/s ETA Unknown
[download]  54.1% of  433.84MiB at  Unknown B/s ETA Unknown
[download]  54.1% of  433.84MiB at    4.53MiB/s ETA 00:43
[download]  54.1% of  433.84MiB at    5.77MiB/s ETA 00:34
[download]  54.1% of  433.84MiB at   11.92MiB/s ETA 00:16
[download]  54.1% of  433.84MiB at   15.60MiB/s ETA 00:12
[download]  54.2% of  433.84MiB at   31.45MiB/s ETA 00:06
[download]  54.2% of  433.84MiB at   45.89MiB/s ETA 00:04
[download]  54.2% of  433.84MiB at   91.95MiB/s ETA 00:02
[download]  54.4% of  433.84MiB at  111.04MiB/s ETA 00:01
[download]  54.6% of  433.84MiB at  111.48MiB/s ETA 00:01
[download]  55.1% of  433.84MiB at  106.31MiB/s ETA 00:01
[download]  56.0% of  433.84MiB at   15.32MiB/s ETA 00:12
[download]  56.4% of  433.84MiB at   12.07MiB/s ETA 00:15
[download]  56.4% of  433.84MiB at  Unknown B/s ETA Unknown
[download]  56.4% of  433.84MiB at    2.13MiB/s ETA 01:28
[download]  56.4% of  433.84MiB at    4.97MiB/s ETA 00:38
[download]  56.4% of  433.84MiB at   10.65MiB/s ETA 00:17
[download]  56.4% of  433.84MiB at   22.01MiB/s ETA 00:08
[download]  56.4% of  433.84MiB at   23.54MiB/s ETA 00:08
[download]  56.4% of  433.84MiB at   39.78MiB/s ETA 00:04
[download]  56.4% of  433.84MiB at   79.88MiB/s ETA 00:02
[download]  56.5% of  433.84MiB at   97.44MiB/s ETA 00:01
[download]  56.6% of  433.84MiB at  105.33MiB/s ETA 00:01
[download]  56.8% of  433.84MiB at  106.52MiB/s ETA 00:01
[download]  57.3% of  433.84MiB at    7.29MiB/s ETA 00:25
[download]  58.2% of  433.84MiB at   11.68MiB/s ETA 00:15
[download]  58.6% of  433.84MiB at   12.71MiB/s ETA 00:14
[download]  58.6% of  433.84MiB at  Unknown B/s ETA Unknown
[download]  58.6% of  433.84MiB at    2.92MiB/s ETA 01:01
[download]  58.6% of  433.84MiB at    6.82MiB/s ETA 00:26
[download]  58.6% of  433.84MiB at    7.31MiB/s ETA 00:24
[download]  58.6% of  433.84MiB at   10.07MiB/s ETA 00:17
[download]  58.7% of  433.84MiB at   20.46MiB/s ETA 00:08
[download]  58.7% of  433.84MiB at   41.24MiB/s ETA 00:04
[download]  58.7% of  433.84MiB at   62.10MiB/s ETA 00:02
[download]  58.8% of  433.84MiB at  124.45MiB/s ETA 00:01
[download]  58.9% of  433.84MiB at  116.40MiB/s ETA 00:01
[download]  59.1% of  433.84MiB at  110.54MiB/s ETA 00:01
[download]  59.6% of  433.84MiB at   13.25MiB/s ETA 00:13
[download]  60.5% of  433.84MiB at   12.85MiB/s ETA 00:13
[download]  60.9% of  433.84MiB at   11.12MiB/s ETA 00:15
[download]  60.9% of  433.84MiB at  Unknown B/s ETA Unknown
[download]  60.9% of  433.84MiB at    2.21MiB/s ETA 01:16
[download]  60.9% of  433.84MiB at    5.15MiB/s ETA 00:32
[download]  60.9% of  433.84MiB at   11.03MiB/s ETA 00:15
[download]  60.9% of  433.84MiB at    9.81MiB/s ETA 00:17
[download]  60.9% of  433.84MiB at   19.94MiB/s ETA 00:08
[download]  61.0% of  433.84MiB at   40.20MiB/s ETA 00:04
[download]  61.0% of  433.84MiB at   60.71MiB/s ETA 00:02
[download]  61.0% of  433.84MiB at   95.83MiB/s ETA 00:01
[download]  61.2% of  433.84MiB at  118.71MiB/s ETA 00:01
[download]  61.4% of  433.84MiB at  110.41MiB/s ETA 00:01
[download]  61.8% of  433.84MiB at  109.16MiB/s ETA 00:01
[download]  62.8% of  433.84MiB at   19.44MiB/s ETA 00:08
[download]  63.2% of  433.84MiB at   11.39MiB/s ETA 00:14
[download]  63.2% of  433.84MiB at  Unknown B/s ETA Unknown
[download]  63.2% of  433.84MiB at    2.85MiB/s ETA 00:56
[download]  63.2% of  433.84MiB at    6.66MiB/s ETA 00:24
[download]  63.2% of  433.84MiB at    7.20MiB/s ETA 00:22
[download]  63.2% of  433.84MiB at    9.62MiB/s ETA 00:16
[download]  63.2% of  433.84MiB at   19.54MiB/s ETA 00:08
[download]  63.2% of  433.84MiB at   26.69MiB/s ETA 00:05
[download]  63.2% of  433.84MiB at   44.05MiB/s ETA 00:03
[download]  63.3% of  433.84MiB at   72.67MiB/s ETA 00:02
[download]  63.4% of  433.84MiB at  110.72MiB/s ETA 00:01
[download]  63.6% of  433.84MiB at  107.33MiB/s ETA 00:01
[download]  64.1% of  433.84MiB at  107.56MiB/s ETA 00:01
[download]  65.0% of  433.84MiB at   22.40MiB/s ETA 00:06
[download]  65.4% of  433.84MiB at   19.56MiB/s ETA 00:07
[download]  65.4% of  433.84MiB at  Unknown B/s ETA Unknown
[download]  65.4% of  433.84MiB at  Unknown B/s ETA Unknown
[download]  65.4% of  433.84MiB at  Unknown B/s ETA Unknown
[download]  65.4% of  433.84MiB at   14.51MiB/s ETA 00:10
[download]  65.4% of  433.84MiB at   29.99MiB/s ETA 00:05
[download]  65.4% of  433.84MiB at   60.95MiB/s ETA 00:02
[download]  65.4% of  433.84MiB at  122.86MiB/s ETA 00:01
[download]  65.4% of  433.84MiB at  123.96MiB/s ETA 00:01
[download]  65.5% of  433.84MiB at    6.25MiB/s ETA 00:23
[download]  65.6% of  433.84MiB at    8.87MiB/s ETA 00:16
[download]  65.8% of  433.84MiB at   11.05MiB/s ETA 00:13
[download]  66.3% of  433.84MiB at   18.00MiB/s ETA 00:08
[download]  67.2% of  433.84MiB at   17.20MiB/s ETA 00:08
[download]  67.6% of  433.84MiB at   12.72MiB/s ETA 00:11
[download]  67.6% of  433.84MiB at  Unknown B/s ETA Unknown
[download]  67.6% of  433.84MiB at    2.83MiB/s ETA 00:49
[download]  67.6% of  433.84MiB at    6.60MiB/s ETA 00:21
[download]  67.6% of  433.84MiB at    7.19MiB/s ETA 00:19
[download]  67.6% of  433.84MiB at   14.86MiB/s ETA 00:09
[download]  67.6% of  433.84MiB at   19.58MiB/s ETA 00:07
[download]  67.6% of  433.84MiB at   39.48MiB/s ETA 00:03
[download]  67.6% of  433.84MiB at   55.13MiB/s ETA 00:02
[download]  67.7% of  433.84MiB at  110.47MiB/s ETA 00:01
[download]  67.8% of  433.84MiB at   19.15MiB/s ETA 00:07
[download]  68.0% of  433.84MiB at   16.82MiB/s ETA 00:08
[download]  68.5% of  433.84MiB at   20.13MiB/s ETA 00:06
[download]  69.4% of  433.84MiB at   15.88MiB/s ETA 00:08
[download]  69.8% of  433.84MiB at   12.15MiB/s ETA 00:10
[download]  69.8% of  433.84MiB at  Unknown B/s ETA Unknown
[download]  69.8% of  433.84MiB at    1.98MiB/s ETA 01:06
[download]  69.8% of  433.84MiB at    4.61MiB/s ETA 00:28
[download]  69.8% of  433.84MiB at    5.83MiB/s ETA 00:22
[download]  69.8% of  433.84MiB at   12.05MiB/s ETA 00:10
[download]  69.8% of  433.84MiB at   16.04MiB/s ETA 00:08
[download]  69.8% of  433.84MiB at   32.34MiB/s ETA 00:04
[download]  69.9% of  433.84MiB at   64.94MiB/s ETA 00:02
[download]  69.9% of  433.84MiB at  102.91MiB/s ETA 00:01
[download]  70.0% of  433.84MiB at  103.53MiB/s ETA 00:01
[download]  70.3% of  433.84MiB at   51.67MiB/s ETA 00:02
[download]  70.7% of  433.84MiB at   22.19MiB/s ETA 00:05
[download]  71.6% of  433.84MiB at   14.13MiB/s ETA 00:08
[download]  72.1% of  433.84MiB at   14.20MiB/s ETA 00:08
[download]  72.1% of  433.84MiB at  Unknown B/s ETA Unknown
[download]  72.1% of  433.84MiB at    1.94MiB/s ETA 01:02
[download]  72.1% of  433.84MiB at    4.53MiB/s ETA 00:26
[download]  72.1% of  433.84MiB at    5.80MiB/s ETA 00:20
[download]  72.1% of  433.84MiB at   12.00MiB/s ETA 00:10
[download]  72.1% of  433.84MiB at   16.52MiB/s ETA 00:07
[download]  72.1% of  433.84MiB at   26.08MiB/s ETA 00:04
[download]  72.2% of  433.84MiB at   42.85MiB/s ETA 00:02
[download]  72.2% of  433.84MiB at   85.86MiB/s ETA 00:01
[download]  72.3% of  433.84MiB at  107.92MiB/s ETA 00:01
[download]  72.6% of  433.84MiB at  105.78MiB/s ETA 00:01
[download]  73.0% of  433.84MiB at   16.55MiB/s ETA 00:07
[download]  73.9% of  433.84MiB at   12.74MiB/s ETA 00:08
[download]  74.3% of  433.84MiB at   12.66MiB/s ETA 00:08
[download]  74.3% of  433.84MiB at  Unknown B/s ETA Unknown
[download]  74.3% of  433.84MiB at    2.92MiB/s ETA 00:38
[download]  74.3% of  433.84MiB at    6.81MiB/s ETA 00:16
[download]  74.3% of  433.84MiB at    7.24MiB/s ETA 00:15
[download]  74.4% of  433.84MiB at   14.95MiB/s ETA 00:07
[download]  74.4% of  433.84MiB at   16.61MiB/s ETA 00:06
[download]  74.4% of  433.84MiB at   33.47MiB/s ETA 00:03
[download]  74.4% of  433.84MiB at   49.32MiB/s ETA 00:02
[download]  74.5% of  433.84MiB at   80.21MiB/s ETA 00:01
[download]  74.6% of  433.84MiB at  103.96MiB/s ETA 00:01
[download]  74.8% of  433.84MiB at  107.19MiB/s ETA 00:01
[download]  75.3% of  433.84MiB at   24.39MiB/s ETA 00:04
[download]  76.2% of  433.84MiB at   10.74MiB/s ETA 00:09
[download]  76.6% of  433.84MiB at   11.50MiB/s ETA 00:08
[download]  76.6% of  433.84MiB at  Unknown B/s ETA Unknown
[download]  76.6% of  433.84MiB at    2.88MiB/s ETA 00:35
[download]  76.6% of  433.84MiB at    6.73MiB/s ETA 00:15
[download]  76.6% of  433.84MiB at    7.08MiB/s ETA 00:14
[download]  76.6% of  433.84MiB at   14.64MiB/s ETA 00:06
[download]  76.6% of  433.84MiB at   17.57MiB/s ETA 00:05
[download]  76.6% of  433.84MiB at   35.41MiB/s ETA 00:02
[download]  76.6% of  433.84MiB at   71.10MiB/s ETA 00:01
[download]  76.7% of  433.84MiB at  103.49MiB/s ETA 00:00
[download]  76.8% of  433.84MiB at   93.77MiB/s ETA 00:01
[download]  77.0% of  433.84MiB at   95.35MiB/s ETA 00:01
[download]  77.5% of  433.84MiB at   25.31MiB/s ETA 00:03
[download]  78.4% of  433.84MiB at   16.27MiB/s ETA 00:05
[download]  78.8% of  433.84MiB at   15.90MiB/s ETA 00:05
[download]  78.8% of  433.84MiB at  Unknown B/s ETA Unknown
[download]  78.8% of  433.84MiB at    2.92MiB/s ETA 00:31
[download]  78.8% of  433.84MiB at    3.25MiB/s ETA 00:28
[download]  78.8% of  433.84MiB at    6.97MiB/s ETA 00:13
[download]  78.8% of  433.84MiB at    9.06MiB/s ETA 00:10
[download]  78.8% of  433.84MiB at   14.11MiB/s ETA 00:06
[download]  78.8% of  433.84MiB at   28.44MiB/s ETA 00:03
[download]  78.9% of  433.84MiB at   45.20MiB/s ETA 00:02
[download]  78.9% of  433.84MiB at   50.27MiB/s ETA 00:01
[download]  79.0% of  433.84MiB at   23.13MiB/s ETA 00:03
[download]  79.3% of  433.84MiB at   17.99MiB/s ETA 00:05
[download]  79.7% of  433.84MiB at   29.80MiB/s ETA 00:02
[download]  80.6% of  433.84MiB at   11.12MiB/s ETA 00:07
[download]  81.1% of  433.84MiB at   11.89MiB/s ETA 00:06
[download]  81.1% of  433.84MiB at  Unknown B/s ETA Unknown
[download]  81.1% of  433.84MiB at  Unknown B/s ETA Unknown
[download]  81.1% of  433.84MiB at    4.54MiB/s ETA 00:18
[download]  81.1% of  433.84MiB at    5.81MiB/s ETA 00:14
[download]  81.1% of  433.84MiB at    8.56MiB/s ETA 00:09
[download]  81.1% of  433.84MiB at   17.39MiB/s ETA 00:04
[download]  81.1% of  433.84MiB at   26.09MiB/s ETA 00:03
[download]  81.1% of  433.84MiB at   42.09MiB/s ETA 00:01
[download]  81.2% of  433.84MiB at   70.05MiB/s ETA 00:01
[download]  81.3% of  433.84MiB at   93.32MiB/s ETA 00:00
[download]  81.5% of  433.84MiB at   26.63MiB/s ETA 00:03
[download]  82.0% of  433.84MiB at   35.51MiB/s ETA 00:02
[download]  82.9% of  433.84MiB at    5.14MiB/s ETA 00:14
[download]  83.3% of  433.84MiB at    6.11MiB/s ETA 00:11
[download]  83.3% of  433.84MiB at  Unknown B/s ETA 01:14
[download]  83.3% of  433.84MiB at    2.91MiB/s ETA 00:24
[download]  83.3% of  433.84MiB at    6.80MiB/s ETA 00:10
[download]  83.3% of  433.84MiB at    7.23MiB/s ETA 00:10
[download]  83.3% of  433.84MiB at   14.93MiB/s ETA 00:04
[download]  83.3% of  433.84MiB at   30.35MiB/s ETA 00:02
[download]  83.3% of  433.84MiB at   39.53MiB/s ETA 00:01
[download]  83.4% of  433.84MiB at   79.37MiB/s ETA 00:00
[download]  83.4% of  433.84MiB at   88.61MiB/s ETA 00:00
[download]  83.5% of  433.84MiB at   85.14MiB/s ETA 00:00
[download]  83.8% of  433.84MiB at   86.19MiB/s ETA 00:00
[download]  84.2% of  433.84MiB at   87.92MiB/s ETA 00:00
[download]  85.1% of  433.84MiB at   14.73MiB/s ETA 00:04
[download]  85.5% of  433.84MiB at   15.64MiB/s ETA 00:04
[download]  85.5% of  433.84MiB at  987.82KiB/s ETA 01:05
[download]  85.5% of  433.84MiB at    2.89MiB/s ETA 00:21
[download]  85.5% of  433.84MiB at    3.34MiB/s ETA 00:18
[download]  85.5% of  433.84MiB at    7.15MiB/s ETA 00:08
[download]  85.5% of  433.84MiB at    9.57MiB/s ETA 00:06
[download]  85.5% of  433.84MiB at   14.76MiB/s ETA 00:04
[download]  85.5% of  433.84MiB at   29.75MiB/s ETA 00:02
[download]  85.6% of  433.84MiB at   59.74MiB/s ETA 00:01
[download]  85.6% of  433.84MiB at   96.49MiB/s ETA 00:00
[download]  85.7% of  433.84MiB at   49.92MiB/s ETA 00:01
[download]  86.0% of  433.84MiB at   32.29MiB/s ETA 00:01
[download]  86.4% of  433.84MiB at   27.47MiB/s ETA 00:02
[download]  87.4% of  433.84MiB at   18.03MiB/s ETA 00:03
[download]  87.7% of  433.84MiB at   13.52MiB/s ETA 00:03
[download]  87.7% of  433.84MiB at  906.68KiB/s ETA 01:00
[download]  87.7% of  433.84MiB at    2.66MiB/s ETA 00:20
[download]  87.7% of  433.84MiB at    6.20MiB/s ETA 00:08
[download]  87.7% of  433.84MiB at   13.28MiB/s ETA 00:04
[download]  87.7% of  433.84MiB at   12.25MiB/s ETA 00:04
[download]  87.7% of  433.84MiB at   24.90MiB/s ETA 00:02
[download]  87.7% of  433.84MiB at   35.66MiB/s ETA 00:01
[download]  87.8% of  433.84MiB at   71.61MiB/s ETA 00:00
[download]  87.8% of  433.84MiB at  111.28MiB/s ETA 00:00
[download]  87.9% of  433.84MiB at   99.06MiB/s ETA 00:00
[download]  88.2% of  433.84MiB at   28.03MiB/s ETA 00:01
[download]  88.6% of  433.84MiB at   21.95MiB/s ETA 00:02
[download]  89.6% of  433.84MiB at   22.41MiB/s ETA 00:02
[download]  90.0% of  433.84MiB at   14.66MiB/s ETA 00:02
[download]  90.0% of  433.84MiB at  Unknown B/s ETA Unknown
[download]  90.0% of  433.84MiB at    2.92MiB/s ETA 00:14
[download]  90.0% of  433.84MiB at    6.80MiB/s ETA 00:06
[download]  90.0% of  433.84MiB at   14.58MiB/s ETA 00:02
[download]  90.0% of  433.84MiB at   13.71MiB/s ETA 00:03
[download]  90.0% of  433.84MiB at   27.87MiB/s ETA 00:01
[download]  90.0% of  433.84MiB at   56.18MiB/s ETA 00:00
[download]  90.0% of  433.84MiB at   69.69MiB/s ETA 00:00
[download]  90.1% of  433.84MiB at  139.65MiB/s ETA 00:00
[download]  90.2% of  433.84MiB at  114.73MiB/s ETA 00:00
[download]  90.5% of  433.84MiB at    7.86MiB/s ETA 00:05
[download]  90.9% of  433.84MiB at    8.88MiB/s ETA 00:04
[download]  91.8% of  433.84MiB at   16.18MiB/s ETA 00:02
[download]  92.2% of  433.84MiB at   10.83MiB/s ETA 00:03
[download]  92.2% of  433.84MiB at  Unknown B/s ETA Unknown
[download]  92.2% of  433.84MiB at  Unknown B/s ETA Unknown
[download]  92.2% of  433.84MiB at    6.56MiB/s ETA 00:05
[download]  92.2% of  433.84MiB at    9.38MiB/s ETA 00:03
[download]  92.2% of  433.84MiB at   19.38MiB/s ETA 00:01
[download]  92.2% of  433.84MiB at   23.60MiB/s ETA 00:01
[download]  92.2% of  433.84MiB at   39.72MiB/s ETA 00:00
[download]  92.3% of  433.84MiB at   60.00MiB/s ETA 00:00
[download]  92.3% of  433.84MiB at  107.06MiB/s ETA 00:00
[download]  92.4% of  433.84MiB at  107.52MiB/s ETA 00:00
[download]  92.7% of  433.84MiB at   20.14MiB/s ETA 00:01
[download]  93.1% of  433.84MiB at   11.92MiB/s ETA 00:02
[download]  94.1% of  433.84MiB at   13.87MiB/s ETA 00:01
[download]  94.5% of  433.84MiB at   12.20MiB/s ETA 00:01
[download]  94.5% of  433.84MiB at  Unknown B/s ETA Unknown
[download]  94.5% of  433.84MiB at    2.83MiB/s ETA 00:08
[download]  94.5% of  433.84MiB at    6.60MiB/s ETA 00:03
[download]  94.5% of  433.84MiB at    6.01MiB/s ETA 00:03
[download]  94.5% of  433.84MiB at   12.42MiB/s ETA 00:01
[download]  94.5% of  433.84MiB at   16.37MiB/s ETA 00:01
[download]  94.5% of  433.84MiB at  544.83KiB/s ETA 00:44
[download]  94.5% of  433.84MiB at    1.03MiB/s ETA 00:23
[download]  94.6% of  433.84MiB at    1.93MiB/s ETA 00:12
[download]  94.7% of  433.84MiB at    3.42MiB/s ETA 00:06
[download]  94.9% of  433.84MiB at    5.54MiB/s ETA 00:03
[download]  95.4% of  433.84MiB at    7.01MiB/s ETA 00:02
[download]  96.3% of  433.84MiB at   13.03MiB/s ETA 00:01
[download]  96.8% of  433.84MiB at   15.78MiB/s ETA 00:00
[download]  96.8% of  433.84MiB at  Unknown B/s ETA Unknown
[download]  96.8% of  433.84MiB at  Unknown B/s ETA Unknown
[download]  96.8% of  433.84MiB at    4.53MiB/s ETA 00:03
[download]  96.8% of  433.84MiB at    9.72MiB/s ETA 00:01
[download]  96.8% of  433.84MiB at   11.88MiB/s ETA 00:01
[download]  96.8% of  433.84MiB at   17.08MiB/s ETA 00:00
[download]  96.8% of  433.84MiB at   34.43MiB/s ETA 00:00
[download]  96.8% of  433.84MiB at    2.46MiB/s ETA 00:05
[download]  96.9% of  433.84MiB at    3.79MiB/s ETA 00:03
[download]  97.0% of  433.84MiB at    5.03MiB/s ETA 00:02
[download]  97.2% of  433.84MiB at    6.33MiB/s ETA 00:01
[download]  97.7% of  433.84MiB at    5.77MiB/s ETA 00:01
[download]  98.6% of  433.84MiB at    9.52MiB/s ETA 00:00
[download]  99.0% of  433.84MiB at   11.19MiB/s ETA 00:00
[download]  99.0% of  433.84MiB at  Unknown B/s ETA Unknown
[download]  99.0% of  433.84MiB at    2.22MiB/s ETA 00:01
[download]  99.0% of  433.84MiB at    5.19MiB/s ETA 00:00
[download]  99.0% of  433.84MiB at    5.70MiB/s ETA 00:00
[download]  99.0% of  433.84MiB at    8.48MiB/s ETA 00:00
[download]  99.0% of  433.84MiB at   17.24MiB/s ETA 00:00
[download]  99.0% of  433.84MiB at   27.13MiB/s ETA 00:00
[download]  99.1% of  433.84MiB at   44.66MiB/s ETA 00:00
[download]  99.1% of  433.84MiB at    5.84MiB/s ETA 00:00
[download]  99.2% of  433.84MiB at    6.74MiB/s ETA 00:00
[download]  99.5% of  433.84MiB at    7.30MiB/s ETA 00:00
[download]  99.9% of  433.84MiB at    8.03MiB/s ETA 00:00
[download] 100.0% of  433.84MiB at    8.33MiB/s ETA 00:00
[download] 100% of  433.84MiB in 00:00:28 at 15.05MiB/s
[download]   0.0% of   18.32MiB at  815.85KiB/s ETA 00:22
[download]   0.0% of   18.32MiB at    1.84MiB/s ETA 00:09
[download]   0.0% of   18.32MiB at    2.64MiB/s ETA 00:06
[download]   0.1% of   18.32MiB at    5.65MiB/s ETA 00:03
[download]   0.2% of   18.32MiB at    7.38MiB/s ETA 00:02
[download]   0.3% of   18.32MiB at   15.00MiB/s ETA 00:01
[download]   0.7% of   18.32MiB at   24.08MiB/s ETA 00:00
[download]   1.4% of   18.32MiB at   20.27MiB/s ETA 00:00
[download]   2.7% of   18.32MiB at   17.16MiB/s ETA 00:01
[download]   5.5% of   18.32MiB at   15.50MiB/s ETA 00:01
[download]  10.9% of   18.32MiB at   15.27MiB/s ETA 00:01
[download]  21.8% of   18.32MiB at   22.35MiB/s ETA 00:00
[download]  43.7% of   18.32MiB at   18.97MiB/s ETA 00:00
[download]  52.1% of   18.32MiB at    7.46MiB/s ETA 00:01
[download]  52.1% of   18.32MiB at  Unknown B/s ETA Unknown
[download]  52.1% of   18.32MiB at  Unknown B/s ETA Unknown
[download]  52.1% of   18.32MiB at  Unknown B/s ETA Unknown
[download]  52.2% of   18.32MiB at    9.91MiB/s ETA 00:00
[download]  52.3% of   18.32MiB at   11.70MiB/s ETA 00:00
[download]  52.4% of   18.32MiB at   23.77MiB/s ETA 00:00
[download]  52.8% of   18.32MiB at   47.92MiB/s ETA 00:00
[download]  53.5% of   18.32MiB at   61.34MiB/s ETA 00:00
[download]  54.8% of   18.32MiB at  984.07KiB/s ETA 00:08
[download]  57.5% of   18.32MiB at    1.78MiB/s ETA 00:04
[download]  62.8% of   18.32MiB at    3.17MiB/s ETA 00:02
[download]  73.4% of   18.32MiB at    3.73MiB/s ETA 00:01
[download]  94.6% of   18.32MiB at    5.55MiB/s ETA 00:00
[download] 100.0% of   18.32MiB at    5.69MiB/s ETA 00:00
[download] 100% of   18.32MiB in 00:00:02 at 6.25MiB/s
GRABBIT_TITLE::Childish Gambino L.E.S. Instrumental (Real, not Recreated)
GRABBIT_THUMB::https://i.ytimg.com/vi/HxqGHvQgZB4/maxresdefault.jpg
GRABBIT_DURATION::335
[download]   0.1% of    1.37MiB at  990.86KiB/s ETA 00:01
[download]   0.2% of    1.37MiB at    2.90MiB/s ETA 00:00
[download]   0.5% of    1.37MiB at    6.77MiB/s ETA 00:00
[download]   1.1% of    1.37MiB at    7.28MiB/s ETA 00:00
[download]   2.2% of    1.37MiB at    6.20MiB/s ETA 00:00
[download]   4.5% of    1.37MiB at    6.11MiB/s ETA 00:00
[download]   9.1% of    1.37MiB at    7.95MiB/s ETA 00:00
[download]  18.2% of    1.37MiB at   12.53MiB/s ETA 00:00
[download]  36.5% of    1.37MiB at   18.25MiB/s ETA 00:00
[download]  73.1% of    1.37MiB at   16.30MiB/s ETA 00:00
[download] 100.0% of    1.37MiB at   15.49MiB/s ETA 00:00
[download] 100% of    1.37MiB in 00:00:00 at 4.69MiB/s
[download]   0.0% of    5.08MiB at  235.33KiB/s ETA 00:22
[download]   0.1% of    5.08MiB at  570.01KiB/s ETA 00:09
[download]   0.1% of    5.08MiB at    1.09MiB/s ETA 00:04
[download]   0.3% of    5.08MiB at    2.34MiB/s ETA 00:02
[download]   0.6% of    5.08MiB at    4.16MiB/s ETA 00:01
[download]   1.2% of    5.08MiB at    8.46MiB/s ETA 00:00
[download]   2.4% of    5.08MiB at   17.06MiB/s ETA 00:00
[download]   4.9% of    5.08MiB at   28.66MiB/s ETA 00:00
[download]   9.8% of    5.08MiB at   52.44MiB/s ETA 00:00
[download]  19.7% of    5.08MiB at   54.05MiB/s ETA 00:00
[download]  39.4% of    5.08MiB at   65.09MiB/s ETA 00:00
[download]  78.7% of    5.08MiB at   27.04MiB/s ETA 00:00
[download] 100.0% of    5.08MiB at   31.11MiB/s ETA 00:00
[download] 100% of    5.08MiB in 00:00:00 at 29.20MiB/s
GRABBIT_TITLE::Wisin & Yandel - Sexy Movimiento (Visualizer)
GRABBIT_THUMB::https://i.ytimg.com/vi/tMG9bxj_Z0M/maxresdefault.jpg
GRABBIT_DURATION::210
[download]   0.0% of    3.24MiB at  Unknown B/s ETA Unknown
[download]   0.1% of    3.24MiB at    2.93MiB/s ETA 00:01
[download]   0.2% of    3.24MiB at    6.83MiB/s ETA 00:00
[download]   0.5% of    3.24MiB at    7.32MiB/s ETA 00:00
[download]   0.9% of    3.24MiB at    7.41MiB/s ETA 00:00
[download]   1.9% of    3.24MiB at    7.45MiB/s ETA 00:00
[download]   3.8% of    3.24MiB at   10.51MiB/s ETA 00:00
[download]   7.7% of    3.24MiB at   13.90MiB/s ETA 00:00
[download]  15.4% of    3.24MiB at   20.60MiB/s ETA 00:00
[download]  30.9% of    3.24MiB at   31.64MiB/s ETA 00:00
[download]  61.8% of    3.24MiB at   44.27MiB/s ETA 00:00
[download] 100.0% of    3.24MiB at   54.53MiB/s ETA 00:00
[download] 100% of    3.24MiB in 00:00:00 at 31.56MiB/s
GRABBIT_TITLE::Tony Dize - Permitame ft. Yandel
GRABBIT_THUMB::https://i.ytimg.com/vi/9PSGoOcwOWM/maxresdefault.jpg
GRABBIT_DURATION::215
[download]   0.0% of    9.43MiB at  Unknown B/s ETA Unknown
[download]   0.0% of    9.43MiB at    2.81MiB/s ETA 00:03
[download]   0.1% of    9.43MiB at    6.56MiB/s ETA 00:01
[download]   0.2% of    9.43MiB at    7.22MiB/s ETA 00:01
[download]   0.3% of    9.43MiB at    5.41MiB/s ETA 00:01
[download]   0.7% of    9.43MiB at    5.26MiB/s ETA 00:01
[download]   1.3% of    9.43MiB at    8.07MiB/s ETA 00:01
[download]   2.6% of    9.43MiB at   12.20MiB/s ETA 00:00
[download]   5.3% of    9.43MiB at   19.23MiB/s ETA 00:00
[download]  10.6% of    9.43MiB at   28.82MiB/s ETA 00:00
[download]  21.2% of    9.43MiB at   40.59MiB/s ETA 00:00
[download]  42.4% of    9.43MiB at   41.72MiB/s ETA 00:00
[download]  84.8% of    9.43MiB at   33.13MiB/s ETA 00:00
[download] 100.0% of    9.43MiB at   28.28MiB/s ETA 00:00
[download] 100% of    9.43MiB in 00:00:00 at 21.34MiB/s
[download]   0.0% of    3.24MiB at  960.45KiB/s ETA 00:03
[download]   0.1% of    3.24MiB at    1.43MiB/s ETA 00:02
[download]   0.2% of    3.24MiB at    3.34MiB/s ETA 00:00
[download]   0.5% of    3.24MiB at    7.16MiB/s ETA 00:00
[download]   0.9% of    3.24MiB at    9.93MiB/s ETA 00:00
[download]   1.9% of    3.24MiB at   20.19MiB/s ETA 00:00
[download]   3.8% of    3.24MiB at   30.62MiB/s ETA 00:00
[download]   7.7% of    3.24MiB at   61.47MiB/s ETA 00:00
[download]  15.4% of    3.24MiB at   89.74MiB/s ETA 00:00
[download]  30.9% of    3.24MiB at   71.77MiB/s ETA 00:00
[download]  61.8% of    3.24MiB at   77.45MiB/s ETA 00:00
[download] 100.0% of    3.24MiB at   79.32MiB/s ETA 00:00
[download] 100% of    3.24MiB in 00:00:00 at 63.40MiB/s
